SLURM_JOBID=5935277
SLURM_JOB_NODELIST=cpn-k16-24-01
SLURM_NNODES=1
SLURMTMPDIR=/scratch/5935277
working directory = /user/sbhatt2/HPC/assignment_2/q3

Currently Loaded Modules:
  1) lmod/6.0.1   2) StdEnv   3) intel/16.0   4) papi/5.4.3   5) gcc/5.4.0

Goldbach Conjecture: 

 
 
 Also: 
 
g++ -O2 -fopenmp timer.C goldbach_omp_s.cpp -o goldbach_omp_s
g++ -O2 -fopenmp timer.C goldbach_omp_d.cpp -o goldbach_omp_d
g++ -O2 -fopenmp timer.C goldbach_omp_g.cpp -o goldbach_omp_g
g++ -O2 -fopenmp timer.C goldbach_omp_r.cpp -o goldbach_omp_r
There are 7 counters in this system

Counter Started: 

Elapsed Time: 0.000314152 
Goldbach conjecture was verified for all even numbers less than 1000
Read successfully
The total instructions executed for addition are 51546 
The total cycles used are 126342 
The total cache misses are 1277 
The flops: 347 

Elapsed Time: 1.44e-06 
Goldbach conjecture was verified for all even numbers less than 1000
Real_time: 0.000563 Proc_time: 0.000268 Total flpops: 672 MFLOPS: 2.507463
slurmstepd: error: *** JOB 5935277 ON cpn-k16-24-01 CANCELLED AT 2016-10-20T23:35:01 DUE TO TIME LIMIT ***
